<?xml version="1.0" encoding="UTF-8"?>
<!-- Generated by org.testng.reporters.JUnitXMLReporter -->
<testsuite ignored="0" hostname="DESKTOP-INV3BC8" failures="0" tests="4" name="Test" time="7.458" errors="0" timestamp="2024-06-11T11:35:52 IST">
  <testcase classname="Chaininguser.Createuser" name="testcreateuser" time="3.458"/>
  <testcase classname="Chaininguser.Getuser" name="testgetuser" time="1.449"/>
  <testcase classname="Chaininguser.Updateuser" name="testUpdateuser" time="1.471"/>
  <testcase classname="Chaininguser.Deleteruser" name="Deleteuser" time="1.018"/>
</testsuite> <!-- Test -->
