<?xml version="1.0" encoding="UTF-8"?>
<testng-results ignored="0" total="1" passed="1" failed="0" skipped="0">
  <reporter-output>
  </reporter-output>
  <suite started-at="2024-05-17T16:16:07 IST" name="Default suite" finished-at="2024-05-17T16:17:04 IST" duration-ms="57436">
    <groups>
    </groups>
    <test started-at="2024-05-17T16:16:07 IST" name="Default test" finished-at="2024-05-17T16:17:04 IST" duration-ms="57436">
      <class name="com.facebook.testcases.TC_Logintest_001">
        <test-method is-config="true" signature="setup()[pri:0, instance:com.facebook.testcases.TC_Logintest_001@51399530]" started-at="2024-05-17T16:16:07 IST" name="setup" finished-at="2024-05-17T16:16:11 IST" duration-ms="4811" status="PASS">
          <reporter-output>
          </reporter-output>
        </test-method> <!-- setup -->
        <test-method signature="logintest()[pri:0, instance:com.facebook.testcases.TC_Logintest_001@51399530]" started-at="2024-05-17T16:16:11 IST" name="logintest" finished-at="2024-05-17T16:17:04 IST" duration-ms="52566" status="PASS">
          <reporter-output>
          </reporter-output>
        </test-method> <!-- logintest -->
      </class> <!-- com.facebook.testcases.TC_Logintest_001 -->
    </test> <!-- Default test -->
  </suite> <!-- Default suite -->
</testng-results>
